<?xml version="1.0" encoding="UTF-8"?>
<!-- Generated by org.testng.reporters.JUnitReportReporter -->
<testsuite hostname="LAPTOP-LESDD3V7" failures="0" tests="1" name="test.LoginTests" time="0.908" errors="0" timestamp="2024-08-17T21:03:13 EDT" skipped="0">
  <testcase classname="test.LoginTests" name="successfulLogin" time="0.908"/>
</testsuite> <!-- test.LoginTests -->
